<?xml version="1.0" encoding="UTF-8"?>
<testng-results skipped="0" failed="0" total="3" passed="3">
  <reporter-output>
  </reporter-output>
  <suite name="Default suite" duration-ms="87219" started-at="2020-05-09T17:28:20Z" finished-at="2020-05-09T17:29:47Z">
    <groups>
    </groups>
    <test name="Default test" duration-ms="87219" started-at="2020-05-09T17:28:20Z" finished-at="2020-05-09T17:29:47Z">
      <class name="com.training.sanity.tests.RETC_022_ChangeUserRoleByAdmin">
        <test-method status="PASS" signature="setUpBeforeClass()[pri:0, instance:com.training.sanity.tests.RETC_022_ChangeUserRoleByAdmin@52e677af]" name="setUpBeforeClass" is-config="true" duration-ms="8" started-at="2020-05-09T22:58:20Z" finished-at="2020-05-09T22:58:20Z">
          <reporter-output>
          </reporter-output>
        </test-method> <!-- setUpBeforeClass -->
        <test-method status="PASS" signature="setUp()[pri:0, instance:com.training.sanity.tests.RETC_022_ChangeUserRoleByAdmin@52e677af]" name="setUp" is-config="true" duration-ms="50550" started-at="2020-05-09T22:58:20Z" finished-at="2020-05-09T22:59:10Z">
          <reporter-output>
          </reporter-output>
        </test-method> <!-- setUp -->
        <test-method status="PASS" signature="adminLoginTest()[pri:0, instance:com.training.sanity.tests.RETC_022_ChangeUserRoleByAdmin@52e677af]" name="adminLoginTest" duration-ms="15753" started-at="2020-05-09T22:59:10Z" finished-at="2020-05-09T22:59:26Z">
          <reporter-output>
          </reporter-output>
        </test-method> <!-- adminLoginTest -->
        <test-method status="PASS" signature="clickUsersLinkTest()[pri:0, instance:com.training.sanity.tests.RETC_022_ChangeUserRoleByAdmin@52e677af]" name="clickUsersLinkTest" duration-ms="6700" started-at="2020-05-09T22:59:26Z" finished-at="2020-05-09T22:59:33Z">
          <reporter-output>
          </reporter-output>
        </test-method> <!-- clickUsersLinkTest -->
        <test-method status="PASS" signature="changeUserRoleTest()[pri:0, instance:com.training.sanity.tests.RETC_022_ChangeUserRoleByAdmin@52e677af]" name="changeUserRoleTest" duration-ms="14192" started-at="2020-05-09T22:59:33Z" finished-at="2020-05-09T22:59:47Z">
          <reporter-output>
          </reporter-output>
        </test-method> <!-- changeUserRoleTest -->
      </class> <!-- com.training.sanity.tests.RETC_022_ChangeUserRoleByAdmin -->
    </test> <!-- Default test -->
  </suite> <!-- Default suite -->
</testng-results>
