<?xml version="1.0" encoding="UTF-8"?>
<testng-results total="1" passed="1" failed="0" skipped="0">
  <reporter-output>
  </reporter-output>
  <suite started-at="2020-01-13T07:44:55Z" name="Default suite" finished-at="2020-01-13T07:44:58Z" duration-ms="3241">
    <groups>
    </groups>
    <test started-at="2020-01-13T07:44:55Z" name="Default test" finished-at="2020-01-13T07:44:58Z" duration-ms="3241">
      <class name="practice.DeleteRequest">
        <test-method is-config="true" signature="getData()[pri:0, instance:practice.DeleteRequest@123f1134]" started-at="2020-01-13T13:14:55Z" name="getData" finished-at="2020-01-13T13:14:55Z" duration-ms="12" status="PASS">
          <reporter-output>
          </reporter-output>
        </test-method> <!-- getData -->
        <test-method signature="AddandDeletePlace()[pri:0, instance:practice.DeleteRequest@123f1134]" started-at="2020-01-13T13:14:55Z" name="AddandDeletePlace" finished-at="2020-01-13T13:14:58Z" duration-ms="3208" status="PASS">
          <reporter-output>
          </reporter-output>
        </test-method> <!-- AddandDeletePlace -->
      </class> <!-- practice.DeleteRequest -->
    </test> <!-- Default test -->
  </suite> <!-- Default suite -->
</testng-results>
